<?xml version="1.0" encoding="UTF-8"?>
<!-- Generated by org.testng.reporters.JUnitXMLReporter -->
<testsuite ignored="0" hostname="DESKTOP-B6PQI5G" failures="1" tests="1" name="Add dish" time="0.069" errors="0" timestamp="2023-10-10T12:09:46 IST">
  <testcase classname="Automation.Restaurant.AddDish" name="Adddish" time="0.062">
    <failure type="java.lang.AssertionError" message="2 expectations failed.
Expected status code &amp;lt;201&amp;gt; but was &amp;lt;400&amp;gt;.

Expected content-type &amp;quot;JSON&amp;quot; doesn&amp;apos;t match actual content-type &amp;quot;&amp;quot;.
">
      <![CDATA[java.lang.AssertionError: 2 expectations failed.
Expected status code <201> but was <400>.

Expected content-type "JSON" doesn't match actual content-type "".

at org.codehaus.groovy.runtime.callsite.ConstructorSite$ConstructorSiteNoUnwrap.callConstructor(ConstructorSite.java:84)
at org.codehaus.groovy.runtime.callsite.AbstractCallSite.callConstructor(AbstractCallSite.java:250)
at io.restassured.internal.ResponseSpecificationImpl$HamcrestAssertionClosure.validate(ResponseSpecificationImpl.groovy:494)
at io.restassured.internal.ResponseSpecificationImpl$HamcrestAssertionClosure$validate$1.call(Unknown Source)
at io.restassured.internal.ResponseSpecificationImpl.validate(ResponseSpecificationImpl.groovy:91)
at io.restassured.internal.ValidatableResponseOptionsImpl.specification(ValidatableResponseOptionsImpl.java:321)
at io.restassured.internal.ValidatableResponseOptionsImpl.spec(ValidatableResponseOptionsImpl.java:298)
at Automation.Restaurant.AddDish.Adddish(AddDish.java:49)
at java.base/java.util.ArrayList.forEach(ArrayList.java:1541)
... Removed 33 stack frames]]>
    </failure>
  </testcase> <!-- Adddish -->
</testsuite> <!-- Add dish -->
